<?xml version="1.0" encoding="UTF-8"?>
<!-- Generated by org.testng.reporters.JUnitReportReporter -->
<testsuite hostname="DESKTOP-P36Q84F" failures="0" tests="1" name="TestLayer.FbRegistration" time="10.369" errors="0" timestamp="16 Aug 2022 08:07:10 GMT" skipped="0">
  <testcase classname="TestLayer.FbRegistration" name="validateFbRegistration" time="10.369"/>
</testsuite> <!-- TestLayer.FbRegistration -->
